<test-run id="2" testcasecount="47" result="Passed" start-time="2026-05-30 14:47:53.650964" end-time="2026-05-30 14:47:54.121195" duration="0" total="47" passed="47" failed="0" inconclusive="0" skipped="0" asserts="0" clr-version="3.12.10 (tags/v3.12.10:0cc8128, Apr  8 2025, 12:21:36) [MSC v.1943 64 bit (AMD64)]" engine-version="3.6.2"><command-line>C:\Users\Acss\AppData\Local\Packages\PythonSoftwareFoundation.Python.3.12_qbz5n2kfra8p0\LocalCache\local-packages\Python312\site-packages\pytest\__main__.py tests/ -q</command-line><filter><test re="0">tests/</test></filter><test-suite id="tests/test_routes.py::TestMarketRoute" name="tests/test_routes.py::TestMarketRoute" fullname="tests/test_routes.py::TestMarketRoute" methodname="" classname="" runstate="Runnable" type="Assembly" testcasecount="2" result="Passed" label="" start-time="2026-05-30 14:47:53.823672" end-time="2026-05-30 14:47:53.825687" duration="0.002015" asserts="0" total="2" passed="2" failed="0" warnings="0" inconclusive="0" skipped="0"><properties><property name="python_version" value="3.12.10 (tags/v3.12.10:0cc8128, Apr  8 2025, 12:21:36) [MSC v.1943 64 bit (AMD64)]" /></properties><test-case id="115" name="tests/test_routes.py::TestMarketRoute::test_marketwatch_authenticated" fullname="tests/test_routes.py::TestMarketRoute::test_marketwatch_authenticated" methodname="test_marketwatch_authenticated" classname="TestMarketRoute" runstate="Runnable" seed="1" result="Passed" label="" start-time="2026-05-30 14:47:53.823672" end-time="2026-05-30 14:47:53.824686" duration="0.001014" asserts="0"><properties><property name="python-version" value="3.12.10 (tags/v3.12.10:0cc8128, Apr  8 2025, 12:21:36) [MSC v.1943 64 bit (AMD64)]" /><property name="fspath" value="tests/test_routes.py" /></properties><environment framework-version="3.6.2" clr-version="3.12.10 (tags/v3.12.10:0cc8128, Apr  8 2025, 12:21:36) [MSC v.1943 64 bit (AMD64)]" os-version="11" platform="Windows" cwd="E:\code\stockinews\backend" machine-name="AMD64" user="" user-domain="" culture="en_IN" uiculture="en_IN" os-architecture="64bit" /><failure><message><![CDATA[]]></message><stack-trace><![CDATA[None]]></stack-trace></failure><reason><message><![CDATA[]]></message></reason><output><![CDATA[]]></output></test-case><test-case id="116" name="tests/test_routes.py::TestMarketRoute::test_marketwatch_no_auth" fullname="tests/test_routes.py::TestMarketRoute::test_marketwatch_no_auth" methodname="test_marketwatch_no_auth" classname="TestMarketRoute" runstate="Runnable" seed="1" result="Passed" label="" start-time="2026-05-30 14:47:53.825687" end-time="2026-05-30 14:47:53.825687" duration="0.0" asserts="0"><properties><property name="python-version" value="3.12.10 (tags/v3.12.10:0cc8128, Apr  8 2025, 12:21:36) [MSC v.1943 64 bit (AMD64)]" /><property name="fspath" value="tests/test_routes.py" /></properties><environment framework-version="3.6.2" clr-version="3.12.10 (tags/v3.12.10:0cc8128, Apr  8 2025, 12:21:36) [MSC v.1943 64 bit (AMD64)]" os-version="11" platform="Windows" cwd="E:\code\stockinews\backend" machine-name="AMD64" user="" user-domain="" culture="en_IN" uiculture="en_IN" os-architecture="64bit" /><failure><message><![CDATA[]]></message><stack-trace><![CDATA[None]]></stack-trace></failure><reason><message><![CDATA[]]></message></reason><output><![CDATA[]]></output></test-case><environment framework-version="3.6.2" clr-version="3.12.10 (tags/v3.12.10:0cc8128, Apr  8 2025, 12:21:36) [MSC v.1943 64 bit (AMD64)]" os-version="11" platform="Windows" cwd="E:\code\stockinews\backend" machine-name="AMD64" user="" user-domain="" culture="en_IN" uiculture="en_IN" os-architecture="64bit" /></test-suite><test-suite id="tests/test_routes.py::TestNewsRoutes" name="tests/test_routes.py::TestNewsRoutes" fullname="tests/test_routes.py::TestNewsRoutes" methodname="" classname="" runstate="Runnable" type="Assembly" testcasecount="5" result="Passed" label="" start-time="2026-05-30 14:47:53.825687" end-time="2026-05-30 14:47:53.838178" duration="0.012491" asserts="0" total="5" passed="5" failed="0" warnings="0" inconclusive="0" skipped="0"><properties><property name="python_version" value="3.12.10 (tags/v3.12.10:0cc8128, Apr  8 2025, 12:21:36) [MSC v.1943 64 bit (AMD64)]" /></properties><test-case id="117" name="tests/test_routes.py::TestNewsRoutes::test_news_endpoint" fullname="tests/test_routes.py::TestNewsRoutes::test_news_endpoint" methodname="test_news_endpoint" classname="TestNewsRoutes" runstate="Runnable" seed="1" result="Passed" label="" start-time="2026-05-30 14:47:53.825687" end-time="2026-05-30 14:47:53.826687" duration="0.001" asserts="0"><properties><property name="python-version" value="3.12.10 (tags/v3.12.10:0cc8128, Apr  8 2025, 12:21:36) [MSC v.1943 64 bit (AMD64)]" /><property name="fspath" value="tests/test_routes.py" /></properties><environment framework-version="3.6.2" clr-version="3.12.10 (tags/v3.12.10:0cc8128, Apr  8 2025, 12:21:36) [MSC v.1943 64 bit (AMD64)]" os-version="11" platform="Windows" cwd="E:\code\stockinews\backend" machine-name="AMD64" user="" user-domain="" culture="en_IN" uiculture="en_IN" os-architecture="64bit" /><failure><message><![CDATA[]]></message><stack-trace><![CDATA[None]]></stack-trace></failure><reason><message><![CDATA[]]></message></reason><output><![CDATA[]]></output></test-case><test-case id="118" name="tests/test_routes.py::TestNewsRoutes::test_news_endpoint_error_graceful" fullname="tests/test_routes.py::TestNewsRoutes::test_news_endpoint_error_graceful" methodname="test_news_endpoint_error_graceful" classname="TestNewsRoutes" runstate="Runnable" seed="1" result="Passed" label="" start-time="2026-05-30 14:47:53.828145" end-time="2026-05-30 14:47:53.830145" duration="0.002" asserts="0"><properties><property name="python-version" value="3.12.10 (tags/v3.12.10:0cc8128, Apr  8 2025, 12:21:36) [MSC v.1943 64 bit (AMD64)]" /><property name="fspath" value="tests/test_routes.py" /></properties><environment framework-version="3.6.2" clr-version="3.12.10 (tags/v3.12.10:0cc8128, Apr  8 2025, 12:21:36) [MSC v.1943 64 bit (AMD64)]" os-version="11" platform="Windows" cwd="E:\code\stockinews\backend" machine-name="AMD64" user="" user-domain="" culture="en_IN" uiculture="en_IN" os-architecture="64bit" /><failure><message><![CDATA[]]></message><stack-trace><![CDATA[None]]></stack-trace></failure><reason><message><![CDATA[]]></message></reason><output><![CDATA[]]></output></test-case><test-case id="119" name="tests/test_routes.py::TestNewsRoutes::test_crawler_news" fullname="tests/test_routes.py::TestNewsRoutes::test_crawler_news" methodname="test_crawler_news" classname="TestNewsRoutes" runstate="Runnable" seed="1" result="Passed" label="" start-time="2026-05-30 14:47:53.831144" end-time="2026-05-30 14:47:53.834233" duration="0.003089" asserts="0"><properties><property name="python-version" value="3.12.10 (tags/v3.12.10:0cc8128, Apr  8 2025, 12:21:36) [MSC v.1943 64 bit (AMD64)]" /><property name="fspath" value="tests/test_routes.py" /></properties><environment framework-version="3.6.2" clr-version="3.12.10 (tags/v3.12.10:0cc8128, Apr  8 2025, 12:21:36) [MSC v.1943 64 bit (AMD64)]" os-version="11" platform="Windows" cwd="E:\code\stockinews\backend" machine-name="AMD64" user="" user-domain="" culture="en_IN" uiculture="en_IN" os-architecture="64bit" /><failure><message><![CDATA[]]></message><stack-trace><![CDATA[None]]></stack-trace></failure><reason><message><![CDATA[]]></message></reason><output><![CDATA[]]></output></test-case><test-case id="120" name="tests/test_routes.py::TestNewsRoutes::test_crawler_news_invalid_source" fullname="tests/test_routes.py::TestNewsRoutes::test_crawler_news_invalid_source" methodname="test_crawler_news_invalid_source" classname="TestNewsRoutes" runstate="Runnable" seed="1" result="Passed" label="" start-time="2026-05-30 14:47:53.834233" end-time="2026-05-30 14:47:53.836680" duration="0.002447" asserts="0"><properties><property name="python-version" value="3.12.10 (tags/v3.12.10:0cc8128, Apr  8 2025, 12:21:36) [MSC v.1943 64 bit (AMD64)]" /><property name="fspath" value="tests/test_routes.py" /></properties><environment framework-version="3.6.2" clr-version="3.12.10 (tags/v3.12.10:0cc8128, Apr  8 2025, 12:21:36) [MSC v.1943 64 bit (AMD64)]" os-version="11" platform="Windows" cwd="E:\code\stockinews\backend" machine-name="AMD64" user="" user-domain="" culture="en_IN" uiculture="en_IN" os-architecture="64bit" /><failure><message><![CDATA[]]></message><stack-trace><![CDATA[None]]></stack-trace></failure><reason><message><![CDATA[]]></message></reason><output><![CDATA[]]></output></test-case><test-case id="121" name="tests/test_routes.py::TestNewsRoutes::test_crawler_sources" fullname="tests/test_routes.py::TestNewsRoutes::test_crawler_sources" methodname="test_crawler_sources" classname="TestNewsRoutes" runstate="Runnable" seed="1" result="Passed" label="" start-time="2026-05-30 14:47:53.836680" end-time="2026-05-30 14:47:53.838178" duration="0.001498" asserts="0"><properties><property name="python-version" value="3.12.10 (tags/v3.12.10:0cc8128, Apr  8 2025, 12:21:36) [MSC v.1943 64 bit (AMD64)]" /><property name="fspath" value="tests/test_routes.py" /></properties><environment framework-version="3.6.2" clr-version="3.12.10 (tags/v3.12.10:0cc8128, Apr  8 2025, 12:21:36) [MSC v.1943 64 bit (AMD64)]" os-version="11" platform="Windows" cwd="E:\code\stockinews\backend" machine-name="AMD64" user="" user-domain="" culture="en_IN" uiculture="en_IN" os-architecture="64bit" /><failure><message><![CDATA[]]></message><stack-trace><![CDATA[None]]></stack-trace></failure><reason><message><![CDATA[]]></message></reason><output><![CDATA[]]></output></test-case><environment framework-version="3.6.2" clr-version="3.12.10 (tags/v3.12.10:0cc8128, Apr  8 2025, 12:21:36) [MSC v.1943 64 bit (AMD64)]" os-version="11" platform="Windows" cwd="E:\code\stockinews\backend" machine-name="AMD64" user="" user-domain="" culture="en_IN" uiculture="en_IN" os-architecture="64bit" /></test-suite><test-suite id="tests/test_routes.py::TestPhase2CompanyRoutes" name="tests/test_routes.py::TestPhase2CompanyRoutes" fullname="tests/test_routes.py::TestPhase2CompanyRoutes" methodname="" classname="" runstate="Runnable" type="Assembly" testcasecount="9" result="Passed" label="" start-time="2026-05-30 14:47:54.101597" end-time="2026-05-30 14:47:54.121195" duration="0.019598" asserts="0" total="9" passed="9" failed="0" warnings="0" inconclusive="0" skipped="0"><properties><property name="python_version" value="3.12.10 (tags/v3.12.10:0cc8128, Apr  8 2025, 12:21:36) [MSC v.1943 64 bit (AMD64)]" /></properties><test-case id="138" name="tests/test_routes.py::TestPhase2CompanyRoutes::test_financials_structure" fullname="tests/test_routes.py::TestPhase2CompanyRoutes::test_financials_structure" methodname="test_financials_structure" classname="TestPhase2CompanyRoutes" runstate="Runnable" seed="1" result="Passed" label="" start-time="2026-05-30 14:47:54.101597" end-time="2026-05-30 14:47:54.103614" duration="0.002017" asserts="0"><properties><property name="python-version" value="3.12.10 (tags/v3.12.10:0cc8128, Apr  8 2025, 12:21:36) [MSC v.1943 64 bit (AMD64)]" /><property name="fspath" value="tests/test_routes.py" /></properties><environment framework-version="3.6.2" clr-version="3.12.10 (tags/v3.12.10:0cc8128, Apr  8 2025, 12:21:36) [MSC v.1943 64 bit (AMD64)]" os-version="11" platform="Windows" cwd="E:\code\stockinews\backend" machine-name="AMD64" user="" user-domain="" culture="en_IN" uiculture="en_IN" os-architecture="64bit" /><failure><message><![CDATA[]]></message><stack-trace><![CDATA[None]]></stack-trace></failure><reason><message><![CDATA[]]></message></reason><output><![CDATA[]]></output></test-case><test-case id="139" name="tests/test_routes.py::TestPhase2CompanyRoutes::test_financials_missing_ticker" fullname="tests/test_routes.py::TestPhase2CompanyRoutes::test_financials_missing_ticker" methodname="test_financials_missing_ticker" classname="TestPhase2CompanyRoutes" runstate="Runnable" seed="1" result="Passed" label="" start-time="2026-05-30 14:47:54.104614" end-time="2026-05-30 14:47:54.105669" duration="0.001055" asserts="0"><properties><property name="python-version" value="3.12.10 (tags/v3.12.10:0cc8128, Apr  8 2025, 12:21:36) [MSC v.1943 64 bit (AMD64)]" /><property name="fspath" value="tests/test_routes.py" /></properties><environment framework-version="3.6.2" clr-version="3.12.10 (tags/v3.12.10:0cc8128, Apr  8 2025, 12:21:36) [MSC v.1943 64 bit (AMD64)]" os-version="11" platform="Windows" cwd="E:\code\stockinews\backend" machine-name="AMD64" user="" user-domain="" culture="en_IN" uiculture="en_IN" os-architecture="64bit" /><failure><message><![CDATA[]]></message><stack-trace><![CDATA[None]]></stack-trace></failure><reason><message><![CDATA[]]></message></reason><output><![CDATA[]]></output></test-case><test-case id="140" name="tests/test_routes.py::TestPhase2CompanyRoutes::test_analysts_structure" fullname="tests/test_routes.py::TestPhase2CompanyRoutes::test_analysts_structure" methodname="test_analysts_structure" classname="TestPhase2CompanyRoutes" runstate="Runnable" seed="1" result="Passed" label="" start-time="2026-05-30 14:47:54.105669" end-time="2026-05-30 14:47:54.107632" duration="0.001963" asserts="0"><properties><property name="python-version" value="3.12.10 (tags/v3.12.10:0cc8128, Apr  8 2025, 12:21:36) [MSC v.1943 64 bit (AMD64)]" /><property name="fspath" value="tests/test_routes.py" /></properties><environment framework-version="3.6.2" clr-version="3.12.10 (tags/v3.12.10:0cc8128, Apr  8 2025, 12:21:36) [MSC v.1943 64 bit (AMD64)]" os-version="11" platform="Windows" cwd="E:\code\stockinews\backend" machine-name="AMD64" user="" user-domain="" culture="en_IN" uiculture="en_IN" os-architecture="64bit" /><failure><message><![CDATA[]]></message><stack-trace><![CDATA[None]]></stack-trace></failure><reason><message><![CDATA[]]></message></reason><output><![CDATA[]]></output></test-case><test-case id="141" name="tests/test_routes.py::TestPhase2CompanyRoutes::test_holders_structure" fullname="tests/test_routes.py::TestPhase2CompanyRoutes::test_holders_structure" methodname="test_holders_structure" classname="TestPhase2CompanyRoutes" runstate="Runnable" seed="1" result="Passed" label="" start-time="2026-05-30 14:47:54.107632" end-time="2026-05-30 14:47:54.109631" duration="0.001999" asserts="0"><properties><property name="python-version" value="3.12.10 (tags/v3.12.10:0cc8128, Apr  8 2025, 12:21:36) [MSC v.1943 64 bit (AMD64)]" /><property name="fspath" value="tests/test_routes.py" /></properties><environment framework-version="3.6.2" clr-version="3.12.10 (tags/v3.12.10:0cc8128, Apr  8 2025, 12:21:36) [MSC v.1943 64 bit (AMD64)]" os-version="11" platform="Windows" cwd="E:\code\stockinews\backend" machine-name="AMD64" user="" user-domain="" culture="en_IN" uiculture="en_IN" os-architecture="64bit" /><failure><message><![CDATA[]]></message><stack-trace><![CDATA[None]]></stack-trace></failure><reason><message><![CDATA[]]></message></reason><output><![CDATA[]]></output></test-case><test-case id="142" name="tests/test_routes.py::TestPhase2CompanyRoutes::test_earnings_structure" fullname="tests/test_routes.py::TestPhase2CompanyRoutes::test_earnings_structure" methodname="test_earnings_structure" classname="TestPhase2CompanyRoutes" runstate="Runnable" seed="1" result="Passed" label="" start-time="2026-05-30 14:47:54.109631" end-time="2026-05-30 14:47:54.111715" duration="0.002084" asserts="0"><properties><property name="python-version" value="3.12.10 (tags/v3.12.10:0cc8128, Apr  8 2025, 12:21:36) [MSC v.1943 64 bit (AMD64)]" /><property name="fspath" value="tests/test_routes.py" /></properties><environment framework-version="3.6.2" clr-version="3.12.10 (tags/v3.12.10:0cc8128, Apr  8 2025, 12:21:36) [MSC v.1943 64 bit (AMD64)]" os-version="11" platform="Windows" cwd="E:\code\stockinews\backend" machine-name="AMD64" user="" user-domain="" culture="en_IN" uiculture="en_IN" os-architecture="64bit" /><failure><message><![CDATA[]]></message><stack-trace><![CDATA[None]]></stack-trace></failure><reason><message><![CDATA[]]></message></reason><output><![CDATA[]]></output></test-case><test-case id="143" name="tests/test_routes.py::TestPhase2CompanyRoutes::test_options_no_data" fullname="tests/test_routes.py::TestPhase2CompanyRoutes::test_options_no_data" methodname="test_options_no_data" classname="TestPhase2CompanyRoutes" runstate="Runnable" seed="1" result="Passed" label="" start-time="2026-05-30 14:47:54.111715" end-time="2026-05-30 14:47:54.113714" duration="0.001999" asserts="0"><properties><property name="python-version" value="3.12.10 (tags/v3.12.10:0cc8128, Apr  8 2025, 12:21:36) [MSC v.1943 64 bit (AMD64)]" /><property name="fspath" value="tests/test_routes.py" /></properties><environment framework-version="3.6.2" clr-version="3.12.10 (tags/v3.12.10:0cc8128, Apr  8 2025, 12:21:36) [MSC v.1943 64 bit (AMD64)]" os-version="11" platform="Windows" cwd="E:\code\stockinews\backend" machine-name="AMD64" user="" user-domain="" culture="en_IN" uiculture="en_IN" os-architecture="64bit" /><failure><message><![CDATA[]]></message><stack-trace><![CDATA[None]]></stack-trace></failure><reason><message><![CDATA[]]></message></reason><output><![CDATA[]]></output></test-case><test-case id="144" name="tests/test_routes.py::TestPhase2CompanyRoutes::test_options_with_data" fullname="tests/test_routes.py::TestPhase2CompanyRoutes::test_options_with_data" methodname="test_options_with_data" classname="TestPhase2CompanyRoutes" runstate="Runnable" seed="1" result="Passed" label="" start-time="2026-05-30 14:47:54.113714" end-time="2026-05-30 14:47:54.116195" duration="0.002481" asserts="0"><properties><property name="python-version" value="3.12.10 (tags/v3.12.10:0cc8128, Apr  8 2025, 12:21:36) [MSC v.1943 64 bit (AMD64)]" /><property name="fspath" value="tests/test_routes.py" /></properties><environment framework-version="3.6.2" clr-version="3.12.10 (tags/v3.12.10:0cc8128, Apr  8 2025, 12:21:36) [MSC v.1943 64 bit (AMD64)]" os-version="11" platform="Windows" cwd="E:\code\stockinews\backend" machine-name="AMD64" user="" user-domain="" culture="en_IN" uiculture="en_IN" os-architecture="64bit" /><failure><message><![CDATA[]]></message><stack-trace><![CDATA[None]]></stack-trace></failure><reason><message><![CDATA[]]></message></reason><output><![CDATA[]]></output></test-case><test-case id="145" name="tests/test_routes.py::TestPhase2CompanyRoutes::test_esg_no_data" fullname="tests/test_routes.py::TestPhase2CompanyRoutes::test_esg_no_data" methodname="test_esg_no_data" classname="TestPhase2CompanyRoutes" runstate="Runnable" seed="1" result="Passed" label="" start-time="2026-05-30 14:47:54.116195" end-time="2026-05-30 14:47:54.118187" duration="0.001992" asserts="0"><properties><property name="python-version" value="3.12.10 (tags/v3.12.10:0cc8128, Apr  8 2025, 12:21:36) [MSC v.1943 64 bit (AMD64)]" /><property name="fspath" value="tests/test_routes.py" /></properties><environment framework-version="3.6.2" clr-version="3.12.10 (tags/v3.12.10:0cc8128, Apr  8 2025, 12:21:36) [MSC v.1943 64 bit (AMD64)]" os-version="11" platform="Windows" cwd="E:\code\stockinews\backend" machine-name="AMD64" user="" user-domain="" culture="en_IN" uiculture="en_IN" os-architecture="64bit" /><failure><message><![CDATA[]]></message><stack-trace><![CDATA[None]]></stack-trace></failure><reason><message><![CDATA[]]></message></reason><output><![CDATA[]]></output></test-case><test-case id="146" name="tests/test_routes.py::TestPhase2CompanyRoutes::test_esg_with_scores" fullname="tests/test_routes.py::TestPhase2CompanyRoutes::test_esg_with_scores" methodname="test_esg_with_scores" classname="TestPhase2CompanyRoutes" runstate="Runnable" seed="1" result="Passed" label="" start-time="2026-05-30 14:47:54.118187" end-time="2026-05-30 14:47:54.121195" duration="0.003008" asserts="0"><properties><property name="python-version" value="3.12.10 (tags/v3.12.10:0cc8128, Apr  8 2025, 12:21:36) [MSC v.1943 64 bit (AMD64)]" /><property name="fspath" value="tests/test_routes.py" /></properties><environment framework-version="3.6.2" clr-version="3.12.10 (tags/v3.12.10:0cc8128, Apr  8 2025, 12:21:36) [MSC v.1943 64 bit (AMD64)]" os-version="11" platform="Windows" cwd="E:\code\stockinews\backend" machine-name="AMD64" user="" user-domain="" culture="en_IN" uiculture="en_IN" os-architecture="64bit" /><failure><message><![CDATA[]]></message><stack-trace><![CDATA[None]]></stack-trace></failure><reason><message><![CDATA[]]></message></reason><output><![CDATA[]]></output></test-case><environment framework-version="3.6.2" clr-version="3.12.10 (tags/v3.12.10:0cc8128, Apr  8 2025, 12:21:36) [MSC v.1943 64 bit (AMD64)]" os-version="11" platform="Windows" cwd="E:\code\stockinews\backend" machine-name="AMD64" user="" user-domain="" culture="en_IN" uiculture="en_IN" os-architecture="64bit" /></test-suite><test-suite id="tests/test_routes.py::TestWatchlistRoutes" name="tests/test_routes.py::TestWatchlistRoutes" fullname="tests/test_routes.py::TestWatchlistRoutes" methodname="" classname="" runstate="Runnable" type="Assembly" testcasecount="6" result="Passed" label="" start-time="2026-05-30 14:47:54.081820" end-time="2026-05-30 14:47:54.100554" duration="0.018734" asserts="0" total="6" passed="6" failed="0" warnings="0" inconclusive="0" skipped="0"><properties><property name="python_version" value="3.12.10 (tags/v3.12.10:0cc8128, Apr  8 2025, 12:21:36) [MSC v.1943 64 bit (AMD64)]" /></properties><test-case id="132" name="tests/test_routes.py::TestWatchlistRoutes::test_get_watchlist_empty" fullname="tests/test_routes.py::TestWatchlistRoutes::test_get_watchlist_empty" methodname="test_get_watchlist_empty" classname="TestWatchlistRoutes" runstate="Runnable" seed="1" result="Passed" label="" start-time="2026-05-30 14:47:54.081820" end-time="2026-05-30 14:47:54.085005" duration="0.003185" asserts="0"><properties><property name="python-version" value="3.12.10 (tags/v3.12.10:0cc8128, Apr  8 2025, 12:21:36) [MSC v.1943 64 bit (AMD64)]" /><property name="fspath" value="tests/test_routes.py" /></properties><environment framework-version="3.6.2" clr-version="3.12.10 (tags/v3.12.10:0cc8128, Apr  8 2025, 12:21:36) [MSC v.1943 64 bit (AMD64)]" os-version="11" platform="Windows" cwd="E:\code\stockinews\backend" machine-name="AMD64" user="" user-domain="" culture="en_IN" uiculture="en_IN" os-architecture="64bit" /><failure><message><![CDATA[]]></message><stack-trace><![CDATA[None]]></stack-trace></failure><reason><message><![CDATA[]]></message></reason><output><![CDATA[]]></output></test-case><test-case id="133" name="tests/test_routes.py::TestWatchlistRoutes::test_get_watchlist_with_items" fullname="tests/test_routes.py::TestWatchlistRoutes::test_get_watchlist_with_items" methodname="test_get_watchlist_with_items" classname="TestWatchlistRoutes" runstate="Runnable" seed="1" result="Passed" label="" start-time="2026-05-30 14:47:54.086015" end-time="2026-05-30 14:47:54.088573" duration="0.002558" asserts="0"><properties><property name="python-version" value="3.12.10 (tags/v3.12.10:0cc8128, Apr  8 2025, 12:21:36) [MSC v.1943 64 bit (AMD64)]" /><property name="fspath" value="tests/test_routes.py" /></properties><environment framework-version="3.6.2" clr-version="3.12.10 (tags/v3.12.10:0cc8128, Apr  8 2025, 12:21:36) [MSC v.1943 64 bit (AMD64)]" os-version="11" platform="Windows" cwd="E:\code\stockinews\backend" machine-name="AMD64" user="" user-domain="" culture="en_IN" uiculture="en_IN" os-architecture="64bit" /><failure><message><![CDATA[]]></message><stack-trace><![CDATA[None]]></stack-trace></failure><reason><message><![CDATA[]]></message></reason><output><![CDATA[]]></output></test-case><test-case id="134" name="tests/test_routes.py::TestWatchlistRoutes::test_add_to_watchlist" fullname="tests/test_routes.py::TestWatchlistRoutes::test_add_to_watchlist" methodname="test_add_to_watchlist" classname="TestWatchlistRoutes" runstate="Runnable" seed="1" result="Passed" label="" start-time="2026-05-30 14:47:54.089704" end-time="2026-05-30 14:47:54.092255" duration="0.002551" asserts="0"><properties><property name="python-version" value="3.12.10 (tags/v3.12.10:0cc8128, Apr  8 2025, 12:21:36) [MSC v.1943 64 bit (AMD64)]" /><property name="fspath" value="tests/test_routes.py" /></properties><environment framework-version="3.6.2" clr-version="3.12.10 (tags/v3.12.10:0cc8128, Apr  8 2025, 12:21:36) [MSC v.1943 64 bit (AMD64)]" os-version="11" platform="Windows" cwd="E:\code\stockinews\backend" machine-name="AMD64" user="" user-domain="" culture="en_IN" uiculture="en_IN" os-architecture="64bit" /><failure><message><![CDATA[]]></message><stack-trace><![CDATA[None]]></stack-trace></failure><reason><message><![CDATA[]]></message></reason><output><![CDATA[]]></output></test-case><test-case id="135" name="tests/test_routes.py::TestWatchlistRoutes::test_add_to_watchlist_invalid_symbol" fullname="tests/test_routes.py::TestWatchlistRoutes::test_add_to_watchlist_invalid_symbol" methodname="test_add_to_watchlist_invalid_symbol" classname="TestWatchlistRoutes" runstate="Runnable" seed="1" result="Passed" label="" start-time="2026-05-30 14:47:54.092255" end-time="2026-05-30 14:47:54.094171" duration="0.001916" asserts="0"><properties><property name="python-version" value="3.12.10 (tags/v3.12.10:0cc8128, Apr  8 2025, 12:21:36) [MSC v.1943 64 bit (AMD64)]" /><property name="fspath" value="tests/test_routes.py" /></properties><environment framework-version="3.6.2" clr-version="3.12.10 (tags/v3.12.10:0cc8128, Apr  8 2025, 12:21:36) [MSC v.1943 64 bit (AMD64)]" os-version="11" platform="Windows" cwd="E:\code\stockinews\backend" machine-name="AMD64" user="" user-domain="" culture="en_IN" uiculture="en_IN" os-architecture="64bit" /><failure><message><![CDATA[]]></message><stack-trace><![CDATA[None]]></stack-trace></failure><reason><message><![CDATA[]]></message></reason><output><![CDATA[]]></output></test-case><test-case id="136" name="tests/test_routes.py::TestWatchlistRoutes::test_add_to_watchlist_duplicate" fullname="tests/test_routes.py::TestWatchlistRoutes::test_add_to_watchlist_duplicate" methodname="test_add_to_watchlist_duplicate" classname="TestWatchlistRoutes" runstate="Runnable" seed="1" result="Passed" label="" start-time="2026-05-30 14:47:54.094171" end-time="2026-05-30 14:47:54.097646" duration="0.003475" asserts="0"><properties><property name="python-version" value="3.12.10 (tags/v3.12.10:0cc8128, Apr  8 2025, 12:21:36) [MSC v.1943 64 bit (AMD64)]" /><property name="fspath" value="tests/test_routes.py" /></properties><environment framework-version="3.6.2" clr-version="3.12.10 (tags/v3.12.10:0cc8128, Apr  8 2025, 12:21:36) [MSC v.1943 64 bit (AMD64)]" os-version="11" platform="Windows" cwd="E:\code\stockinews\backend" machine-name="AMD64" user="" user-domain="" culture="en_IN" uiculture="en_IN" os-architecture="64bit" /><failure><message><![CDATA[]]></message><stack-trace><![CDATA[None]]></stack-trace></failure><reason><message><![CDATA[]]></message></reason><output><![CDATA[]]></output></test-case><test-case id="137" name="tests/test_routes.py::TestWatchlistRoutes::test_remove_from_watchlist" fullname="tests/test_routes.py::TestWatchlistRoutes::test_remove_from_watchlist" methodname="test_remove_from_watchlist" classname="TestWatchlistRoutes" runstate="Runnable" seed="1" result="Passed" label="" start-time="2026-05-30 14:47:54.098432" end-time="2026-05-30 14:47:54.100554" duration="0.002122" asserts="0"><properties><property name="python-version" value="3.12.10 (tags/v3.12.10:0cc8128, Apr  8 2025, 12:21:36) [MSC v.1943 64 bit (AMD64)]" /><property name="fspath" value="tests/test_routes.py" /></properties><environment framework-version="3.6.2" clr-version="3.12.10 (tags/v3.12.10:0cc8128, Apr  8 2025, 12:21:36) [MSC v.1943 64 bit (AMD64)]" os-version="11" platform="Windows" cwd="E:\code\stockinews\backend" machine-name="AMD64" user="" user-domain="" culture="en_IN" uiculture="en_IN" os-architecture="64bit" /><failure><message><![CDATA[]]></message><stack-trace><![CDATA[None]]></stack-trace></failure><reason><message><![CDATA[]]></message></reason><output><![CDATA[]]></output></test-case><environment framework-version="3.6.2" clr-version="3.12.10 (tags/v3.12.10:0cc8128, Apr  8 2025, 12:21:36) [MSC v.1943 64 bit (AMD64)]" os-version="11" platform="Windows" cwd="E:\code\stockinews\backend" machine-name="AMD64" user="" user-domain="" culture="en_IN" uiculture="en_IN" os-architecture="64bit" /></test-suite><test-suite id="tests/test_routes.py::TestPortfolioRoutes" name="tests/test_routes.py::TestPortfolioRoutes" fullname="tests/test_routes.py::TestPortfolioRoutes" methodname="" classname="" runstate="Runnable" type="Assembly" testcasecount="10" result="Passed" label="" start-time="2026-05-30 14:47:53.838178" end-time="2026-05-30 14:47:54.080960" duration="0.242782" asserts="0" total="10" passed="10" failed="0" warnings="0" inconclusive="0" skipped="0"><properties><property name="python_version" value="3.12.10 (tags/v3.12.10:0cc8128, Apr  8 2025, 12:21:36) [MSC v.1943 64 bit (AMD64)]" /></properties><test-case id="122" name="tests/test_routes.py::TestPortfolioRoutes::test_get_portfolio" fullname="tests/test_routes.py::TestPortfolioRoutes::test_get_portfolio" methodname="test_get_portfolio" classname="TestPortfolioRoutes" runstate="Runnable" seed="1" result="Passed" label="" start-time="2026-05-30 14:47:53.838178" end-time="2026-05-30 14:47:53.841185" duration="0.003007" asserts="0"><properties><property name="python-version" value="3.12.10 (tags/v3.12.10:0cc8128, Apr  8 2025, 12:21:36) [MSC v.1943 64 bit (AMD64)]" /><property name="fspath" value="tests/test_routes.py" /></properties><environment framework-version="3.6.2" clr-version="3.12.10 (tags/v3.12.10:0cc8128, Apr  8 2025, 12:21:36) [MSC v.1943 64 bit (AMD64)]" os-version="11" platform="Windows" cwd="E:\code\stockinews\backend" machine-name="AMD64" user="" user-domain="" culture="en_IN" uiculture="en_IN" os-architecture="64bit" /><failure><message><![CDATA[]]></message><stack-trace><![CDATA[None]]></stack-trace></failure><reason><message><![CDATA[]]></message></reason><output><![CDATA[]]></output></test-case><test-case id="123" name="tests/test_routes.py::TestPortfolioRoutes::test_get_portfolio_empty" fullname="tests/test_routes.py::TestPortfolioRoutes::test_get_portfolio_empty" methodname="test_get_portfolio_empty" classname="TestPortfolioRoutes" runstate="Runnable" seed="1" result="Passed" label="" start-time="2026-05-30 14:47:53.841185" end-time="2026-05-30 14:47:53.843499" duration="0.002314" asserts="0"><properties><property name="python-version" value="3.12.10 (tags/v3.12.10:0cc8128, Apr  8 2025, 12:21:36) [MSC v.1943 64 bit (AMD64)]" /><property name="fspath" value="tests/test_routes.py" /></properties><environment framework-version="3.6.2" clr-version="3.12.10 (tags/v3.12.10:0cc8128, Apr  8 2025, 12:21:36) [MSC v.1943 64 bit (AMD64)]" os-version="11" platform="Windows" cwd="E:\code\stockinews\backend" machine-name="AMD64" user="" user-domain="" culture="en_IN" uiculture="en_IN" os-architecture="64bit" /><failure><message><![CDATA[]]></message><stack-trace><![CDATA[None]]></stack-trace></failure><reason><message><![CDATA[]]></message></reason><output><![CDATA[]]></output></test-case><test-case id="124" name="tests/test_routes.py::TestPortfolioRoutes::test_add_stock_buy" fullname="tests/test_routes.py::TestPortfolioRoutes::test_add_stock_buy" methodname="test_add_stock_buy" classname="TestPortfolioRoutes" runstate="Runnable" seed="1" result="Passed" label="" start-time="2026-05-30 14:47:53.843499" end-time="2026-05-30 14:47:53.847252" duration="0.003753" asserts="0"><properties><property name="python-version" value="3.12.10 (tags/v3.12.10:0cc8128, Apr  8 2025, 12:21:36) [MSC v.1943 64 bit (AMD64)]" /><property name="fspath" value="tests/test_routes.py" /></properties><environment framework-version="3.6.2" clr-version="3.12.10 (tags/v3.12.10:0cc8128, Apr  8 2025, 12:21:36) [MSC v.1943 64 bit (AMD64)]" os-version="11" platform="Windows" cwd="E:\code\stockinews\backend" machine-name="AMD64" user="" user-domain="" culture="en_IN" uiculture="en_IN" os-architecture="64bit" /><failure><message><![CDATA[]]></message><stack-trace><![CDATA[None]]></stack-trace></failure><reason><message><![CDATA[]]></message></reason><output><![CDATA[]]></output></test-case><test-case id="125" name="tests/test_routes.py::TestPortfolioRoutes::test_add_stock_invalid_ticker" fullname="tests/test_routes.py::TestPortfolioRoutes::test_add_stock_invalid_ticker" methodname="test_add_stock_invalid_ticker" classname="TestPortfolioRoutes" runstate="Runnable" seed="1" result="Passed" label="" start-time="2026-05-30 14:47:53.848188" end-time="2026-05-30 14:47:53.850267" duration="0.002079" asserts="0"><properties><property name="python-version" value="3.12.10 (tags/v3.12.10:0cc8128, Apr  8 2025, 12:21:36) [MSC v.1943 64 bit (AMD64)]" /><property name="fspath" value="tests/test_routes.py" /></properties><environment framework-version="3.6.2" clr-version="3.12.10 (tags/v3.12.10:0cc8128, Apr  8 2025, 12:21:36) [MSC v.1943 64 bit (AMD64)]" os-version="11" platform="Windows" cwd="E:\code\stockinews\backend" machine-name="AMD64" user="" user-domain="" culture="en_IN" uiculture="en_IN" os-architecture="64bit" /><failure><message><![CDATA[]]></message><stack-trace><![CDATA[None]]></stack-trace></failure><reason><message><![CDATA[]]></message></reason><output><![CDATA[]]></output></test-case><test-case id="126" name="tests/test_routes.py::TestPortfolioRoutes::test_add_stock_invalid_action" fullname="tests/test_routes.py::TestPortfolioRoutes::test_add_stock_invalid_action" methodname="test_add_stock_invalid_action" classname="TestPortfolioRoutes" runstate="Runnable" seed="1" result="Passed" label="" start-time="2026-05-30 14:47:53.850267" end-time="2026-05-30 14:47:53.851969" duration="0.001702" asserts="0"><properties><property name="python-version" value="3.12.10 (tags/v3.12.10:0cc8128, Apr  8 2025, 12:21:36) [MSC v.1943 64 bit (AMD64)]" /><property name="fspath" value="tests/test_routes.py" /></properties><environment framework-version="3.6.2" clr-version="3.12.10 (tags/v3.12.10:0cc8128, Apr  8 2025, 12:21:36) [MSC v.1943 64 bit (AMD64)]" os-version="11" platform="Windows" cwd="E:\code\stockinews\backend" machine-name="AMD64" user="" user-domain="" culture="en_IN" uiculture="en_IN" os-architecture="64bit" /><failure><message><![CDATA[]]></message><stack-trace><![CDATA[None]]></stack-trace></failure><reason><message><![CDATA[]]></message></reason><output><![CDATA[]]></output></test-case><test-case id="127" name="tests/test_routes.py::TestPortfolioRoutes::test_sell_stock_success" fullname="tests/test_routes.py::TestPortfolioRoutes::test_sell_stock_success" methodname="test_sell_stock_success" classname="TestPortfolioRoutes" runstate="Runnable" seed="1" result="Passed" label="" start-time="2026-05-30 14:47:53.852974" end-time="2026-05-30 14:47:53.855375" duration="0.002401" asserts="0"><properties><property name="python-version" value="3.12.10 (tags/v3.12.10:0cc8128, Apr  8 2025, 12:21:36) [MSC v.1943 64 bit (AMD64)]" /><property name="fspath" value="tests/test_routes.py" /></properties><environment framework-version="3.6.2" clr-version="3.12.10 (tags/v3.12.10:0cc8128, Apr  8 2025, 12:21:36) [MSC v.1943 64 bit (AMD64)]" os-version="11" platform="Windows" cwd="E:\code\stockinews\backend" machine-name="AMD64" user="" user-domain="" culture="en_IN" uiculture="en_IN" os-architecture="64bit" /><failure><message><![CDATA[]]></message><stack-trace><![CDATA[None]]></stack-trace></failure><reason><message><![CDATA[]]></message></reason><output><![CDATA[]]></output></test-case><test-case id="128" name="tests/test_routes.py::TestPortfolioRoutes::test_sell_stock_insufficient_shares" fullname="tests/test_routes.py::TestPortfolioRoutes::test_sell_stock_insufficient_shares" methodname="test_sell_stock_insufficient_shares" classname="TestPortfolioRoutes" runstate="Runnable" seed="1" result="Passed" label="" start-time="2026-05-30 14:47:53.855375" end-time="2026-05-30 14:47:53.857896" duration="0.002521" asserts="0"><properties><property name="python-version" value="3.12.10 (tags/v3.12.10:0cc8128, Apr  8 2025, 12:21:36) [MSC v.1943 64 bit (AMD64)]" /><property name="fspath" value="tests/test_routes.py" /></properties><environment framework-version="3.6.2" clr-version="3.12.10 (tags/v3.12.10:0cc8128, Apr  8 2025, 12:21:36) [MSC v.1943 64 bit (AMD64)]" os-version="11" platform="Windows" cwd="E:\code\stockinews\backend" machine-name="AMD64" user="" user-domain="" culture="en_IN" uiculture="en_IN" os-architecture="64bit" /><failure><message><![CDATA[]]></message><stack-trace><![CDATA[None]]></stack-trace></failure><reason><message><![CDATA[]]></message></reason><output><![CDATA[]]></output></test-case><test-case id="129" name="tests/test_routes.py::TestPortfolioRoutes::test_download_history_no_transactions" fullname="tests/test_routes.py::TestPortfolioRoutes::test_download_history_no_transactions" methodname="test_download_history_no_transactions" classname="TestPortfolioRoutes" runstate="Runnable" seed="1" result="Passed" label="" start-time="2026-05-30 14:47:53.858897" end-time="2026-05-30 14:47:53.979734" duration="0.120837" asserts="0"><properties><property name="python-version" value="3.12.10 (tags/v3.12.10:0cc8128, Apr  8 2025, 12:21:36) [MSC v.1943 64 bit (AMD64)]" /><property name="fspath" value="tests/test_routes.py" /></properties><environment framework-version="3.6.2" clr-version="3.12.10 (tags/v3.12.10:0cc8128, Apr  8 2025, 12:21:36) [MSC v.1943 64 bit (AMD64)]" os-version="11" platform="Windows" cwd="E:\code\stockinews\backend" machine-name="AMD64" user="" user-domain="" culture="en_IN" uiculture="en_IN" os-architecture="64bit" /><failure><message><![CDATA[]]></message><stack-trace><![CDATA[None]]></stack-trace></failure><reason><message><![CDATA[]]></message></reason><output><![CDATA[]]></output></test-case><test-case id="130" name="tests/test_routes.py::TestPortfolioRoutes::test_download_history_returns_pdf" fullname="tests/test_routes.py::TestPortfolioRoutes::test_download_history_returns_pdf" methodname="test_download_history_returns_pdf" classname="TestPortfolioRoutes" runstate="Runnable" seed="1" result="Passed" label="" start-time="2026-05-30 14:47:53.981144" end-time="2026-05-30 14:47:54.051166" duration="0.070022" asserts="0"><properties><property name="python-version" value="3.12.10 (tags/v3.12.10:0cc8128, Apr  8 2025, 12:21:36) [MSC v.1943 64 bit (AMD64)]" /><property name="fspath" value="tests/test_routes.py" /></properties><environment framework-version="3.6.2" clr-version="3.12.10 (tags/v3.12.10:0cc8128, Apr  8 2025, 12:21:36) [MSC v.1943 64 bit (AMD64)]" os-version="11" platform="Windows" cwd="E:\code\stockinews\backend" machine-name="AMD64" user="" user-domain="" culture="en_IN" uiculture="en_IN" os-architecture="64bit" /><failure><message><![CDATA[]]></message><stack-trace><![CDATA[None]]></stack-trace></failure><reason><message><![CDATA[]]></message></reason><output><![CDATA[]]></output></test-case><test-case id="131" name="tests/test_routes.py::TestPortfolioRoutes::test_portfolio_histories" fullname="tests/test_routes.py::TestPortfolioRoutes::test_portfolio_histories" methodname="test_portfolio_histories" classname="TestPortfolioRoutes" runstate="Runnable" seed="1" result="Passed" label="" start-time="2026-05-30 14:47:54.052168" end-time="2026-05-30 14:47:54.080960" duration="0.028792" asserts="0"><properties><property name="python-version" value="3.12.10 (tags/v3.12.10:0cc8128, Apr  8 2025, 12:21:36) [MSC v.1943 64 bit (AMD64)]" /><property name="fspath" value="tests/test_routes.py" /></properties><environment framework-version="3.6.2" clr-version="3.12.10 (tags/v3.12.10:0cc8128, Apr  8 2025, 12:21:36) [MSC v.1943 64 bit (AMD64)]" os-version="11" platform="Windows" cwd="E:\code\stockinews\backend" machine-name="AMD64" user="" user-domain="" culture="en_IN" uiculture="en_IN" os-architecture="64bit" /><failure><message><![CDATA[]]></message><stack-trace><![CDATA[None]]></stack-trace></failure><reason><message><![CDATA[]]></message></reason><output><![CDATA[]]></output></test-case><environment framework-version="3.6.2" clr-version="3.12.10 (tags/v3.12.10:0cc8128, Apr  8 2025, 12:21:36) [MSC v.1943 64 bit (AMD64)]" os-version="11" platform="Windows" cwd="E:\code\stockinews\backend" machine-name="AMD64" user="" user-domain="" culture="en_IN" uiculture="en_IN" os-architecture="64bit" /></test-suite><test-suite id="tests/test_routes.py::TestCompanyRoutes" name="tests/test_routes.py::TestCompanyRoutes" fullname="tests/test_routes.py::TestCompanyRoutes" methodname="" classname="" runstate="Runnable" type="Assembly" testcasecount="8" result="Passed" label="" start-time="2026-05-30 14:47:53.762906" end-time="2026-05-30 14:47:53.822473" duration="0.059567" asserts="0" total="8" passed="8" failed="0" warnings="0" inconclusive="0" skipped="0"><properties><property name="python_version" value="3.12.10 (tags/v3.12.10:0cc8128, Apr  8 2025, 12:21:36) [MSC v.1943 64 bit (AMD64)]" /></properties><test-case id="107" name="tests/test_routes.py::TestCompanyRoutes::test_get_companies" fullname="tests/test_routes.py::TestCompanyRoutes::test_get_companies" methodname="test_get_companies" classname="TestCompanyRoutes" runstate="Runnable" seed="1" result="Passed" label="" start-time="2026-05-30 14:47:53.762906" end-time="2026-05-30 14:47:53.785862" duration="0.022956" asserts="0"><properties><property name="python-version" value="3.12.10 (tags/v3.12.10:0cc8128, Apr  8 2025, 12:21:36) [MSC v.1943 64 bit (AMD64)]" /><property name="fspath" value="tests/test_routes.py" /></properties><environment framework-version="3.6.2" clr-version="3.12.10 (tags/v3.12.10:0cc8128, Apr  8 2025, 12:21:36) [MSC v.1943 64 bit (AMD64)]" os-version="11" platform="Windows" cwd="E:\code\stockinews\backend" machine-name="AMD64" user="" user-domain="" culture="en_IN" uiculture="en_IN" os-architecture="64bit" /><failure><message><![CDATA[]]></message><stack-trace><![CDATA[None]]></stack-trace></failure><reason><message><![CDATA[]]></message></reason><output><![CDATA[]]></output></test-case><test-case id="108" name="tests/test_routes.py::TestCompanyRoutes::test_get_companies_has_items" fullname="tests/test_routes.py::TestCompanyRoutes::test_get_companies_has_items" methodname="test_get_companies_has_items" classname="TestCompanyRoutes" runstate="Runnable" seed="1" result="Passed" label="" start-time="2026-05-30 14:47:53.786908" end-time="2026-05-30 14:47:53.809745" duration="0.022837" asserts="0"><properties><property name="python-version" value="3.12.10 (tags/v3.12.10:0cc8128, Apr  8 2025, 12:21:36) [MSC v.1943 64 bit (AMD64)]" /><property name="fspath" value="tests/test_routes.py" /></properties><environment framework-version="3.6.2" clr-version="3.12.10 (tags/v3.12.10:0cc8128, Apr  8 2025, 12:21:36) [MSC v.1943 64 bit (AMD64)]" os-version="11" platform="Windows" cwd="E:\code\stockinews\backend" machine-name="AMD64" user="" user-domain="" culture="en_IN" uiculture="en_IN" os-architecture="64bit" /><failure><message><![CDATA[]]></message><stack-trace><![CDATA[None]]></stack-trace></failure><reason><message><![CDATA[]]></message></reason><output><![CDATA[]]></output></test-case><test-case id="109" name="tests/test_routes.py::TestCompanyRoutes::test_chart_valid_ticker" fullname="tests/test_routes.py::TestCompanyRoutes::test_chart_valid_ticker" methodname="test_chart_valid_ticker" classname="TestCompanyRoutes" runstate="Runnable" seed="1" result="Passed" label="" start-time="2026-05-30 14:47:53.810747" end-time="2026-05-30 14:47:53.812750" duration="0.002003" asserts="0"><properties><property name="python-version" value="3.12.10 (tags/v3.12.10:0cc8128, Apr  8 2025, 12:21:36) [MSC v.1943 64 bit (AMD64)]" /><property name="fspath" value="tests/test_routes.py" /></properties><environment framework-version="3.6.2" clr-version="3.12.10 (tags/v3.12.10:0cc8128, Apr  8 2025, 12:21:36) [MSC v.1943 64 bit (AMD64)]" os-version="11" platform="Windows" cwd="E:\code\stockinews\backend" machine-name="AMD64" user="" user-domain="" culture="en_IN" uiculture="en_IN" os-architecture="64bit" /><failure><message><![CDATA[]]></message><stack-trace><![CDATA[None]]></stack-trace></failure><reason><message><![CDATA[]]></message></reason><output><![CDATA[]]></output></test-case><test-case id="110" name="tests/test_routes.py::TestCompanyRoutes::test_chart_missing_ticker" fullname="tests/test_routes.py::TestCompanyRoutes::test_chart_missing_ticker" methodname="test_chart_missing_ticker" classname="TestCompanyRoutes" runstate="Runnable" seed="1" result="Passed" label="" start-time="2026-05-30 14:47:53.812750" end-time="2026-05-30 14:47:53.816045" duration="0.003295" asserts="0"><properties><property name="python-version" value="3.12.10 (tags/v3.12.10:0cc8128, Apr  8 2025, 12:21:36) [MSC v.1943 64 bit (AMD64)]" /><property name="fspath" value="tests/test_routes.py" /></properties><environment framework-version="3.6.2" clr-version="3.12.10 (tags/v3.12.10:0cc8128, Apr  8 2025, 12:21:36) [MSC v.1943 64 bit (AMD64)]" os-version="11" platform="Windows" cwd="E:\code\stockinews\backend" machine-name="AMD64" user="" user-domain="" culture="en_IN" uiculture="en_IN" os-architecture="64bit" /><failure><message><![CDATA[]]></message><stack-trace><![CDATA[None]]></stack-trace></failure><reason><message><![CDATA[]]></message></reason><output><![CDATA[]]></output></test-case><test-case id="111" name="tests/test_routes.py::TestCompanyRoutes::test_company_info" fullname="tests/test_routes.py::TestCompanyRoutes::test_company_info" methodname="test_company_info" classname="TestCompanyRoutes" runstate="Runnable" seed="1" result="Passed" label="" start-time="2026-05-30 14:47:53.816045" end-time="2026-05-30 14:47:53.817044" duration="0.000999" asserts="0"><properties><property name="python-version" value="3.12.10 (tags/v3.12.10:0cc8128, Apr  8 2025, 12:21:36) [MSC v.1943 64 bit (AMD64)]" /><property name="fspath" value="tests/test_routes.py" /></properties><environment framework-version="3.6.2" clr-version="3.12.10 (tags/v3.12.10:0cc8128, Apr  8 2025, 12:21:36) [MSC v.1943 64 bit (AMD64)]" os-version="11" platform="Windows" cwd="E:\code\stockinews\backend" machine-name="AMD64" user="" user-domain="" culture="en_IN" uiculture="en_IN" os-architecture="64bit" /><failure><message><![CDATA[]]></message><stack-trace><![CDATA[None]]></stack-trace></failure><reason><message><![CDATA[]]></message></reason><output><![CDATA[]]></output></test-case><test-case id="112" name="tests/test_routes.py::TestCompanyRoutes::test_company_info_missing_ticker" fullname="tests/test_routes.py::TestCompanyRoutes::test_company_info_missing_ticker" methodname="test_company_info_missing_ticker" classname="TestCompanyRoutes" runstate="Runnable" seed="1" result="Passed" label="" start-time="2026-05-30 14:47:53.818200" end-time="2026-05-30 14:47:53.819242" duration="0.001042" asserts="0"><properties><property name="python-version" value="3.12.10 (tags/v3.12.10:0cc8128, Apr  8 2025, 12:21:36) [MSC v.1943 64 bit (AMD64)]" /><property name="fspath" value="tests/test_routes.py" /></properties><environment framework-version="3.6.2" clr-version="3.12.10 (tags/v3.12.10:0cc8128, Apr  8 2025, 12:21:36) [MSC v.1943 64 bit (AMD64)]" os-version="11" platform="Windows" cwd="E:\code\stockinews\backend" machine-name="AMD64" user="" user-domain="" culture="en_IN" uiculture="en_IN" os-architecture="64bit" /><failure><message><![CDATA[]]></message><stack-trace><![CDATA[None]]></stack-trace></failure><reason><message><![CDATA[]]></message></reason><output><![CDATA[]]></output></test-case><test-case id="113" name="tests/test_routes.py::TestCompanyRoutes::test_company_developments" fullname="tests/test_routes.py::TestCompanyRoutes::test_company_developments" methodname="test_company_developments" classname="TestCompanyRoutes" runstate="Runnable" seed="1" result="Passed" label="" start-time="2026-05-30 14:47:53.819242" end-time="2026-05-30 14:47:53.820259" duration="0.001017" asserts="0"><properties><property name="python-version" value="3.12.10 (tags/v3.12.10:0cc8128, Apr  8 2025, 12:21:36) [MSC v.1943 64 bit (AMD64)]" /><property name="fspath" value="tests/test_routes.py" /></properties><environment framework-version="3.6.2" clr-version="3.12.10 (tags/v3.12.10:0cc8128, Apr  8 2025, 12:21:36) [MSC v.1943 64 bit (AMD64)]" os-version="11" platform="Windows" cwd="E:\code\stockinews\backend" machine-name="AMD64" user="" user-domain="" culture="en_IN" uiculture="en_IN" os-architecture="64bit" /><failure><message><![CDATA[]]></message><stack-trace><![CDATA[None]]></stack-trace></failure><reason><message><![CDATA[]]></message></reason><output><![CDATA[]]></output></test-case><test-case id="114" name="tests/test_routes.py::TestCompanyRoutes::test_company_news" fullname="tests/test_routes.py::TestCompanyRoutes::test_company_news" methodname="test_company_news" classname="TestCompanyRoutes" runstate="Runnable" seed="1" result="Passed" label="" start-time="2026-05-30 14:47:53.821473" end-time="2026-05-30 14:47:53.822473" duration="0.001" asserts="0"><properties><property name="python-version" value="3.12.10 (tags/v3.12.10:0cc8128, Apr  8 2025, 12:21:36) [MSC v.1943 64 bit (AMD64)]" /><property name="fspath" value="tests/test_routes.py" /></properties><environment framework-version="3.6.2" clr-version="3.12.10 (tags/v3.12.10:0cc8128, Apr  8 2025, 12:21:36) [MSC v.1943 64 bit (AMD64)]" os-version="11" platform="Windows" cwd="E:\code\stockinews\backend" machine-name="AMD64" user="" user-domain="" culture="en_IN" uiculture="en_IN" os-architecture="64bit" /><failure><message><![CDATA[]]></message><stack-trace><![CDATA[None]]></stack-trace></failure><reason><message><![CDATA[]]></message></reason><output><![CDATA[]]></output></test-case><environment framework-version="3.6.2" clr-version="3.12.10 (tags/v3.12.10:0cc8128, Apr  8 2025, 12:21:36) [MSC v.1943 64 bit (AMD64)]" os-version="11" platform="Windows" cwd="E:\code\stockinews\backend" machine-name="AMD64" user="" user-domain="" culture="en_IN" uiculture="en_IN" os-architecture="64bit" /></test-suite><test-suite id="tests/test_routes.py::TestAuthRoutes" name="tests/test_routes.py::TestAuthRoutes" fullname="tests/test_routes.py::TestAuthRoutes" methodname="" classname="" runstate="Runnable" type="Assembly" testcasecount="7" result="Passed" label="" start-time="2026-05-30 14:47:53.741595" end-time="2026-05-30 14:47:53.761905" duration="0.02031" asserts="0" total="7" passed="7" failed="0" warnings="0" inconclusive="0" skipped="0"><properties><property name="python_version" value="3.12.10 (tags/v3.12.10:0cc8128, Apr  8 2025, 12:21:36) [MSC v.1943 64 bit (AMD64)]" /></properties><test-case id="100" name="tests/test_routes.py::TestAuthRoutes::test_login_success" fullname="tests/test_routes.py::TestAuthRoutes::test_login_success" methodname="test_login_success" classname="TestAuthRoutes" runstate="Runnable" seed="1" result="Passed" label="" start-time="2026-05-30 14:47:53.741595" end-time="2026-05-30 14:47:53.745837" duration="0.004242" asserts="0"><properties><property name="python-version" value="3.12.10 (tags/v3.12.10:0cc8128, Apr  8 2025, 12:21:36) [MSC v.1943 64 bit (AMD64)]" /><property name="fspath" value="tests/test_routes.py" /></properties><environment framework-version="3.6.2" clr-version="3.12.10 (tags/v3.12.10:0cc8128, Apr  8 2025, 12:21:36) [MSC v.1943 64 bit (AMD64)]" os-version="11" platform="Windows" cwd="E:\code\stockinews\backend" machine-name="AMD64" user="" user-domain="" culture="en_IN" uiculture="en_IN" os-architecture="64bit" /><failure><message><![CDATA[]]></message><stack-trace><![CDATA[None]]></stack-trace></failure><reason><message><![CDATA[]]></message></reason><output><![CDATA[]]></output></test-case><test-case id="101" name="tests/test_routes.py::TestAuthRoutes::test_login_invalid_credentials" fullname="tests/test_routes.py::TestAuthRoutes::test_login_invalid_credentials" methodname="test_login_invalid_credentials" classname="TestAuthRoutes" runstate="Runnable" seed="1" result="Passed" label="" start-time="2026-05-30 14:47:53.745837" end-time="2026-05-30 14:47:53.749719" duration="0.003882" asserts="0"><properties><property name="python-version" value="3.12.10 (tags/v3.12.10:0cc8128, Apr  8 2025, 12:21:36) [MSC v.1943 64 bit (AMD64)]" /><property name="fspath" value="tests/test_routes.py" /></properties><environment framework-version="3.6.2" clr-version="3.12.10 (tags/v3.12.10:0cc8128, Apr  8 2025, 12:21:36) [MSC v.1943 64 bit (AMD64)]" os-version="11" platform="Windows" cwd="E:\code\stockinews\backend" machine-name="AMD64" user="" user-domain="" culture="en_IN" uiculture="en_IN" os-architecture="64bit" /><failure><message><![CDATA[]]></message><stack-trace><![CDATA[None]]></stack-trace></failure><reason><message><![CDATA[]]></message></reason><output><![CDATA[]]></output></test-case><test-case id="102" name="tests/test_routes.py::TestAuthRoutes::test_signup_success" fullname="tests/test_routes.py::TestAuthRoutes::test_signup_success" methodname="test_signup_success" classname="TestAuthRoutes" runstate="Runnable" seed="1" result="Passed" label="" start-time="2026-05-30 14:47:53.749719" end-time="2026-05-30 14:47:53.752902" duration="0.003183" asserts="0"><properties><property name="python-version" value="3.12.10 (tags/v3.12.10:0cc8128, Apr  8 2025, 12:21:36) [MSC v.1943 64 bit (AMD64)]" /><property name="fspath" value="tests/test_routes.py" /></properties><environment framework-version="3.6.2" clr-version="3.12.10 (tags/v3.12.10:0cc8128, Apr  8 2025, 12:21:36) [MSC v.1943 64 bit (AMD64)]" os-version="11" platform="Windows" cwd="E:\code\stockinews\backend" machine-name="AMD64" user="" user-domain="" culture="en_IN" uiculture="en_IN" os-architecture="64bit" /><failure><message><![CDATA[]]></message><stack-trace><![CDATA[None]]></stack-trace></failure><reason><message><![CDATA[]]></message></reason><output><![CDATA[]]></output></test-case><test-case id="103" name="tests/test_routes.py::TestAuthRoutes::test_signup_duplicate_email" fullname="tests/test_routes.py::TestAuthRoutes::test_signup_duplicate_email" methodname="test_signup_duplicate_email" classname="TestAuthRoutes" runstate="Runnable" seed="1" result="Passed" label="" start-time="2026-05-30 14:47:53.753906" end-time="2026-05-30 14:47:53.754906" duration="0.001" asserts="0"><properties><property name="python-version" value="3.12.10 (tags/v3.12.10:0cc8128, Apr  8 2025, 12:21:36) [MSC v.1943 64 bit (AMD64)]" /><property name="fspath" value="tests/test_routes.py" /></properties><environment framework-version="3.6.2" clr-version="3.12.10 (tags/v3.12.10:0cc8128, Apr  8 2025, 12:21:36) [MSC v.1943 64 bit (AMD64)]" os-version="11" platform="Windows" cwd="E:\code\stockinews\backend" machine-name="AMD64" user="" user-domain="" culture="en_IN" uiculture="en_IN" os-architecture="64bit" /><failure><message><![CDATA[]]></message><stack-trace><![CDATA[None]]></stack-trace></failure><reason><message><![CDATA[]]></message></reason><output><![CDATA[]]></output></test-case><test-case id="104" name="tests/test_routes.py::TestAuthRoutes::test_reset_password_success" fullname="tests/test_routes.py::TestAuthRoutes::test_reset_password_success" methodname="test_reset_password_success" classname="TestAuthRoutes" runstate="Runnable" seed="1" result="Passed" label="" start-time="2026-05-30 14:47:53.755905" end-time="2026-05-30 14:47:53.757902" duration="0.001997" asserts="0"><properties><property name="python-version" value="3.12.10 (tags/v3.12.10:0cc8128, Apr  8 2025, 12:21:36) [MSC v.1943 64 bit (AMD64)]" /><property name="fspath" value="tests/test_routes.py" /></properties><environment framework-version="3.6.2" clr-version="3.12.10 (tags/v3.12.10:0cc8128, Apr  8 2025, 12:21:36) [MSC v.1943 64 bit (AMD64)]" os-version="11" platform="Windows" cwd="E:\code\stockinews\backend" machine-name="AMD64" user="" user-domain="" culture="en_IN" uiculture="en_IN" os-architecture="64bit" /><failure><message><![CDATA[]]></message><stack-trace><![CDATA[None]]></stack-trace></failure><reason><message><![CDATA[]]></message></reason><output><![CDATA[]]></output></test-case><test-case id="105" name="tests/test_routes.py::TestAuthRoutes::test_reset_password_unknown_email" fullname="tests/test_routes.py::TestAuthRoutes::test_reset_password_unknown_email" methodname="test_reset_password_unknown_email" classname="TestAuthRoutes" runstate="Runnable" seed="1" result="Passed" label="" start-time="2026-05-30 14:47:53.757902" end-time="2026-05-30 14:47:53.759902" duration="0.002" asserts="0"><properties><property name="python-version" value="3.12.10 (tags/v3.12.10:0cc8128, Apr  8 2025, 12:21:36) [MSC v.1943 64 bit (AMD64)]" /><property name="fspath" value="tests/test_routes.py" /></properties><environment framework-version="3.6.2" clr-version="3.12.10 (tags/v3.12.10:0cc8128, Apr  8 2025, 12:21:36) [MSC v.1943 64 bit (AMD64)]" os-version="11" platform="Windows" cwd="E:\code\stockinews\backend" machine-name="AMD64" user="" user-domain="" culture="en_IN" uiculture="en_IN" os-architecture="64bit" /><failure><message><![CDATA[]]></message><stack-trace><![CDATA[None]]></stack-trace></failure><reason><message><![CDATA[]]></message></reason><output><![CDATA[]]></output></test-case><test-case id="106" name="tests/test_routes.py::TestAuthRoutes::test_get_me" fullname="tests/test_routes.py::TestAuthRoutes::test_get_me" methodname="test_get_me" classname="TestAuthRoutes" runstate="Runnable" seed="1" result="Passed" label="" start-time="2026-05-30 14:47:53.759902" end-time="2026-05-30 14:47:53.761905" duration="0.002003" asserts="0"><properties><property name="python-version" value="3.12.10 (tags/v3.12.10:0cc8128, Apr  8 2025, 12:21:36) [MSC v.1943 64 bit (AMD64)]" /><property name="fspath" value="tests/test_routes.py" /></properties><environment framework-version="3.6.2" clr-version="3.12.10 (tags/v3.12.10:0cc8128, Apr  8 2025, 12:21:36) [MSC v.1943 64 bit (AMD64)]" os-version="11" platform="Windows" cwd="E:\code\stockinews\backend" machine-name="AMD64" user="" user-domain="" culture="en_IN" uiculture="en_IN" os-architecture="64bit" /><failure><message><![CDATA[]]></message><stack-trace><![CDATA[None]]></stack-trace></failure><reason><message><![CDATA[]]></message></reason><output><![CDATA[]]></output></test-case><environment framework-version="3.6.2" clr-version="3.12.10 (tags/v3.12.10:0cc8128, Apr  8 2025, 12:21:36) [MSC v.1943 64 bit (AMD64)]" os-version="11" platform="Windows" cwd="E:\code\stockinews\backend" machine-name="AMD64" user="" user-domain="" culture="en_IN" uiculture="en_IN" os-architecture="64bit" /></test-suite></test-run>